{"id":0,"method":"initialize"}
{"method":"initialized"}
{"method":"textDocument/didOpen"}
{"id":1,"method":"textDocument/diagnostic"}
{"id":2,"method":"textDocument/completion"}
{"method":"$/cancelRequest"}
{"method":"textDocument/didChange"}
{"method":"textDocument/didChange"}
{"id":3,"method":"textDocument/completion"}
{"completion":{"currentLine":"v","lineUntilCursor":"v","currentPref":"v"}}
{"id":4,"method":"textDocument/diagnostic"}
{"method":"$/cancelRequest"}
{"id":5,"method":"textDocument/diagnostic"}
{"method":"textDocument/didChange"}
{"id":6,"method":"textDocument/diagnostic"}
{"method":"textDocument/didChange"}
{"id":7,"method":"textDocument/diagnostic"}
{"method":"textDocument/didChange"}
{"id":8,"method":"textDocument/completion"}
{"completion":{"currentLine":"var x","lineUntilCursor":"var x","currentPref":"x"}}
{"id":9,"method":"textDocument/diagnostic"}
{"method":"textDocument/didChange"}
{"id":10,"method":"textDocument/diagnostic"}
{"method":"textDocument/didChange"}
{"id":11,"method":"textDocument/diagnostic"}
{"method":"textDocument/didChange"}
{"id":12,"method":"textDocument/diagnostic"}
{"method":"textDocument/didChange"}
{"id":13,"method":"textDocument/diagnostic"}
{"method":"textDocument/didChange"}
{"id":14,"method":"textDocument/diagnostic"}
{"method":"textDocument/didChange"}
{"id":15,"method":"textDocument/diagnostic"}
{"id":16,"method":"shutdown"}
{"method":"exit"}